<?xml version="1.0" encoding="UTF-8"?>
<testng-results ignored="0" total="1" passed="1" failed="0" skipped="0">
  <reporter-output>
  </reporter-output>
  <suite started-at="2021-04-29T22:36:43 IST" name="Default suite" finished-at="2021-04-29T22:36:53 IST" duration-ms="10082">
    <groups>
    </groups>
    <test started-at="2021-04-29T22:36:43 IST" name="Default test" finished-at="2021-04-29T22:36:53 IST" duration-ms="10082">
      <class name="SeleniumProject.SeleniumProject.OrangeHRMLogin">
        <test-method is-config="true" signature="Launch()[pri:0, instance:SeleniumProject.SeleniumProject.OrangeHRMLogin@2f112965]" started-at="2021-04-29T22:36:43 IST" name="Launch" finished-at="2021-04-29T22:36:49 IST" duration-ms="6233" status="PASS">
          <reporter-output>
          </reporter-output>
        </test-method> <!-- Launch -->
        <test-method signature="Login()[pri:0, instance:SeleniumProject.SeleniumProject.OrangeHRMLogin@2f112965]" started-at="2021-04-29T22:36:49 IST" name="Login" finished-at="2021-04-29T22:36:53 IST" duration-ms="3589" status="PASS">
          <reporter-output>
          </reporter-output>
        </test-method> <!-- Login -->
        <test-method is-config="true" signature="afterMethod()[pri:0, instance:SeleniumProject.SeleniumProject.OrangeHRMLogin@2f112965]" started-at="2021-04-29T22:36:53 IST" name="afterMethod" finished-at="2021-04-29T22:36:53 IST" duration-ms="205" status="PASS">
          <reporter-output>
          </reporter-output>
        </test-method> <!-- afterMethod -->
      </class> <!-- SeleniumProject.SeleniumProject.OrangeHRMLogin -->
    </test> <!-- Default test -->
  </suite> <!-- Default suite -->
</testng-results>
