<?xml version="1.0" encoding="UTF-8"?>
<!-- Generated by org.testng.reporters.JUnitXMLReporter -->
<testsuite ignored="1" hostname="Kameshwaran" failures="0" tests="2" name="Test" time="0.055" errors="0" timestamp="2021-04-30T21:48:55 IST">
  <testcase classname="testNG.Grouping" name="Testcase1" time="0.008"/>
  <testcase classname="testNG.Grouping" name="Testcase3" time="0.001"/>
  <testcase classname="testNG.Grouping" name="Testcase2" time="0.0">
    <ignored/>
  </testcase> <!-- Testcase2 -->
</testsuite> <!-- Test -->
