<?xml version="1.0" encoding="UTF-8"?>
<!-- Generated by org.testng.reporters.JUnitXMLReporter -->
<testsuite ignored="0" hostname="Kameshwaran" failures="0" tests="6" name="Test" time="0.166" errors="0" timestamp="2021-04-29T22:09:25 IST">
  <testcase classname="testNG.ParallelExecution" name="Testcase1" time="0.018"/>
  <testcase classname="testNG.ParallelExecution1" name="Testcase4" time="0.018"/>
  <testcase classname="testNG.ParallelExecution" name="Testcase2" time="0.002"/>
  <testcase classname="testNG.ParallelExecution" name="Testcase3" time="0.003"/>
  <testcase classname="testNG.ParallelExecution1" name="Testcase5" time="0.016"/>
  <testcase classname="testNG.ParallelExecution1" name="Testcase6" time="0.001"/>
</testsuite> <!-- Test -->
