<?xml version="1.0" encoding="UTF-8"?>
<!-- Generated by org.testng.reporters.JUnitXMLReporter -->
<testsuite ignored="0" hostname="Kameshwaran" failures="0" tests="3" name="Default test" time="0.097" errors="0" timestamp="2021-05-10T01:13:04 IST">
  <testcase classname="testNG.NewTest" name="Testcase1" time="0.015"/>
  <testcase classname="testNG.NewTest" name="Testcase2" time="0.005"/>
  <testcase classname="testNG.NewTest" name="Testcase3" time="0.005"/>
</testsuite> <!-- Default test -->
