<?xml version="1.0" encoding="UTF-8"?>
<!-- Generated by org.testng.reporters.JUnitXMLReporter -->
<testsuite ignored="0" hostname="Kameshwaran" failures="0" tests="5" name="Default test" time="38.006" errors="0" timestamp="2021-05-01T12:17:14 IST">
  <testcase classname="testNG.DataProvider1" name="OrangeHRMLogin" time="8.232"/>
  <testcase classname="testNG.DataProvider1" name="OrangeHRMLogin" time="6.975"/>
  <testcase classname="testNG.DataProvider1" name="OrangeHRMLogin" time="8.078"/>
  <testcase classname="testNG.DataProvider1" name="OrangeHRMLogin" time="6.449"/>
  <testcase classname="testNG.DataProvider1" name="OrangeHRMLogin" time="7.239"/>
</testsuite> <!-- Default test -->
